[Jul 20 2016 20:05:09.000000 - ERROR] POST /apis/ads/publisher/v201605/NetworkService HTTP/1.1
Host: ads.google.com
Connection: Keep-Alive
User-Agent: PHP-SOAP/5.5.31, gzip
Accept-Encoding: gzip, deflate
Content-Encoding: gzip
Content-Type: text/xml; charset=utf-8
SOAPAction: ""
Content-Length: 317
Authorization: Bearer ya29.Ci8mAzE_hBs-AldphJeTA1gLweK4cK7oUgizT71C-WLdAM7vGQn6tRQGszsC8HHSuQ

<?xml version="1.0" encoding="UTF-8"?>
<SOAP-ENV:Envelope xmlns:SOAP-ENV="http://schemas.xmlsoap.org/soap/envelope/" xmlns:ns1="https://www.google.com/apis/ads/publisher/v201605">
  <SOAP-ENV:Header>
    <ns1:RequestHeader>
      <ns1:networkCode>INSERT_NETWORK_CODE_HERE</ns1:networkCode>
      <ns1:applicationName>ads test (DfpApi-PHP/10.0.0, Common-PHP/10.0.0, PHP/5.5.31)</ns1:applicationName>
    </ns1:RequestHeader>
  </SOAP-ENV:Header>
  <SOAP-ENV:Body>
    <ns1:getCurrentNetwork/>
  </SOAP-ENV:Body>
</SOAP-ENV:Envelope>

HTTP/1.1 500 Internal Server Error
Content-Type: text/xml; charset=UTF-8
Content-Encoding: gzip
Date: Wed, 20 Jul 2016 20:05:09 GMT
Expires: Wed, 20 Jul 2016 20:05:09 GMT
Cache-Control: private, max-age=0
X-Content-Type-Options: nosniff
X-Frame-Options: SAMEORIGIN
X-XSS-Protection: 1; mode=block
Server: GSE
Alternate-Protocol: 443:quic
Alt-Svc: quic=":443"; ma=2592000; v="36,35,34,33,32,31,30,29,28,27,26,25"
Transfer-Encoding: chunked

<?xml version="1.0"?>
<soap:Envelope xmlns:soap="http://schemas.xmlsoap.org/soap/envelope/">
  <soap:Header>
    <ResponseHeader xmlns="https://www.google.com/apis/ads/publisher/v201605">
      <requestId>28fd072472ba691126ec18ca15d007ed</requestId>
      <responseTime>42</responseTime>
    </ResponseHeader>
  </soap:Header>
  <soap:Body>
    <soap:Fault>
      <faultcode>soap:Server</faultcode>
      <faultstring>[AuthenticationError.NETWORK_NOT_FOUND @ ; trigger:'INSERT_NETWORK_CODE_HERE']</faultstring>
      <detail>
        <ApiExceptionFault xmlns="https://www.google.com/apis/ads/publisher/v201605">
          <message>[AuthenticationError.NETWORK_NOT_FOUND @ ; trigger:'INSERT_NETWORK_CODE_HERE']</message>
          <errors xmlns:xsi="http://www.w3.org/2001/XMLSchema-instance" xsi:type="AuthenticationError">
            <fieldPath/>
            <trigger>INSERT_NETWORK_CODE_HERE</trigger>
            <errorString>AuthenticationError.NETWORK_NOT_FOUND</errorString>
            <reason>NETWORK_NOT_FOUND</reason>
          </errors>
        </ApiExceptionFault>
      </detail>
    </soap:Fault>
  </soap:Body>
</soap:Envelope>

